This is pdfTeX, Version 3.1415926-1.40.10 (TeX Live/MacPorts 2009_6) (format=pdflatex 2010.10.9)  15 FEB 2011 23:13
entering extended mode
 %&-line parsing enabled.
**denero-cv.tex
(./denero-cv.tex
LaTeX2e <2009/09/24>
Babel <v3.8l> and hyphenation patterns for english, usenglishmax, dumylang, noh
yphenation, loaded.
(./res.cls
Document Style `res' <26 Sep 89>.
Document Class: res 2000/05/19 v1.4b Resume class
(/opt/local/share/texmf-texlive-dist/tex/latex/base/article.cls
Document Class: article 2007/10/19 v1.4h Standard LaTeX document class
(/opt/local/share/texmf-texlive-dist/tex/latex/base/size10.clo
File: size10.clo 2007/10/19 v1.4h Standard LaTeX file (size option)
)
\c@part=\count79
\c@section=\count80
\c@subsection=\count81
\c@subsubsection=\count82
\c@paragraph=\count83
\c@subparagraph=\count84
\c@figure=\count85
\c@table=\count86
\abovecaptionskip=\skip41
\belowcaptionskip=\skip42
\bibindent=\dimen102
)
No auxiliary output files.

\tabular@text=\toks14
\tabular@head=\toks15
\tabular@tail=\toks16
\@ta=\toks17
\undefined@token=\toks18
\sectionwidth=\dimen103
\sectionskip=\skip43
\resumewidth=\dimen104
\@columnwidth=\dimen105
\c@numberofcolumns=\count87
)
No file denero-cv.aux.
LaTeX Font Info:    Checking defaults for OML/cmm/m/it on input line 13.
LaTeX Font Info:    ... okay on input line 13.
LaTeX Font Info:    Checking defaults for T1/cmr/m/n on input line 13.
LaTeX Font Info:    ... okay on input line 13.
LaTeX Font Info:    Checking defaults for OT1/cmr/m/n on input line 13.
LaTeX Font Info:    ... okay on input line 13.
LaTeX Font Info:    Checking defaults for OMS/cmsy/m/n on input line 13.
LaTeX Font Info:    ... okay on input line 13.
LaTeX Font Info:    Checking defaults for OMX/cmex/m/n on input line 13.
LaTeX Font Info:    ... okay on input line 13.
LaTeX Font Info:    Checking defaults for U/cmr/m/n on input line 13.
LaTeX Font Info:    ... okay on input line 13.
LaTeX Font Info:    External font `cmex10' loaded for size
(Font)              <7> on input line 21.
LaTeX Font Info:    External font `cmex10' loaded for size
(Font)              <5> on input line 21.

Overfull \hbox (60.29427pt too wide) in paragraph at lines 21--26
[][] 
 []


Underfull \hbox (badness 10000) in paragraph at lines 59--60

 []


Underfull \hbox (badness 10000) in paragraph at lines 61--65

 []

[1

{/opt/local/var/db/texmf/fonts/map/pdftex/updmap/pdftex.map}]
Missing character: There is no Ã in font cmr10!
Missing character: There is no ´ in font cmr10!
Missing character: There is no Ã in font cmr10!
Missing character: There is no © in font cmr10!
Missing character: There is no Ã in font cmr10!
Missing character: There is no ´ in font cmr10!
Missing character: There is no Ã in font cmr10!
Missing character: There is no © in font cmr10!
 [2]
Underfull \hbox (badness 10000) in paragraph at lines 164--165

 []


Underfull \hbox (badness 10000) in paragraph at lines 169--170

 []

[3] [4] ) 
Here is how much of TeX's memory you used:
 292 strings out of 495061
 3119 string characters out of 3181964
 53507 words of memory out of 3000000
 3551 multiletter control sequences out of 15000+200000
 5200 words of font info for 19 fonts, out of 3000000 for 9000
 28 hyphenation exceptions out of 8191
 29i,8n,21p,263b,144s stack positions out of 5000i,500n,10000p,200000b,50000s
</opt/local/share/texmf-texlive-dist/fonts/type1/public/amsfonts/cm/cm
bx10.pfb></opt/local/share/texmf-texlive-dist/fonts/type1/public/amsfonts/cm/cm
bx12.pfb></opt/local/share/texmf-texlive-dist/fonts/type1/public/amsfonts/cm/cm
csc10.pfb></opt/local/share/texmf-texlive-dist/fonts/type1/public/amsfonts/cm/c
mr10.pfb></opt/local/share/texmf-texlive-dist/fonts/type1/public/amsfonts/cm/cm
ti10.pfb>
Output written on denero-cv.pdf (4 pages, 96026 bytes).
PDF statistics:
 35 PDF objects out of 1000 (max. 8388607)
 0 named destinations out of 1000 (max. 500000)
 1 words of extra memory for PDF output out of 10000 (max. 10000000)

